ARM GAS  C:\Users\SOLDER~1\AppData\Local\Temp\ccUA1LmO.s 			page 1


   1              		.cpu cortex-m3
   2              		.arch armv7-m
   3              		.fpu softvfp
   4              		.eabi_attribute 20, 1
   5              		.eabi_attribute 21, 1
   6              		.eabi_attribute 23, 3
   7              		.eabi_attribute 24, 1
   8              		.eabi_attribute 25, 1
   9              		.eabi_attribute 26, 1
  10              		.eabi_attribute 30, 6
  11              		.eabi_attribute 34, 1
  12              		.eabi_attribute 18, 4
  13              		.file	"gpio.c"
  14              		.text
  15              	.Ltext0:
  16              		.cfi_sections	.debug_frame
  17              		.section	.text.gpio_init,"ax",%progbits
  18              		.align	1
  19              		.global	gpio_init
  20              		.syntax unified
  21              		.thumb
  22              		.thumb_func
  24              	gpio_init:
  25              	.LFB65:
  26              		.file 1 "Core/Src/gpio.c"
   1:Core/Src/gpio.c **** #include "main.h"
   2:Core/Src/gpio.c **** 
   3:Core/Src/gpio.c **** void gpio_init(void) {
  27              		.loc 1 3 22
  28              		.cfi_startproc
  29              		@ args = 0, pretend = 0, frame = 0
  30              		@ frame_needed = 1, uses_anonymous_args = 0
  31              		@ link register save eliminated.
  32 0000 80B4     		push	{r7}
  33              		.cfi_def_cfa_offset 4
  34              		.cfi_offset 7, -4
  35 0002 00AF     		add	r7, sp, #0
  36              		.cfi_def_cfa_register 7
   4:Core/Src/gpio.c **** 
   5:Core/Src/gpio.c ****     //Включим тактирование порта B
   6:Core/Src/gpio.c ****     SET_BIT(RCC->APB2ENR, RCC_APB2ENR_IOPBEN);
  37              		.loc 1 6 5
  38 0004 104B     		ldr	r3, .L2
  39 0006 9B69     		ldr	r3, [r3, #24]
  40 0008 0F4A     		ldr	r2, .L2
  41 000a 43F00803 		orr	r3, r3, #8
  42 000e 9361     		str	r3, [r2, #24]
   7:Core/Src/gpio.c **** 
   8:Core/Src/gpio.c ****     // GMG12864 RST - PB0
   9:Core/Src/gpio.c ****     MODIFY_REG(GPIOB->CRL, GPIO_CRL_MODE0_Msk, 0b11 << GPIO_CRL_MODE0_Pos);
  43              		.loc 1 9 5
  44 0010 0E4B     		ldr	r3, .L2+4
  45 0012 1B68     		ldr	r3, [r3]
  46 0014 0D4A     		ldr	r2, .L2+4
  47 0016 43F00303 		orr	r3, r3, #3
  48 001a 1360     		str	r3, [r2]
  10:Core/Src/gpio.c ****     MODIFY_REG(GPIOB->CRL, GPIO_CRL_CNF0_Msk, 0b00 << GPIO_CRL_CNF0_Pos);
ARM GAS  C:\Users\SOLDER~1\AppData\Local\Temp\ccUA1LmO.s 			page 2


  49              		.loc 1 10 5
  50 001c 0B4B     		ldr	r3, .L2+4
  51 001e 1B68     		ldr	r3, [r3]
  52 0020 0A4A     		ldr	r2, .L2+4
  53 0022 23F00C03 		bic	r3, r3, #12
  54 0026 1360     		str	r3, [r2]
  11:Core/Src/gpio.c **** 
  12:Core/Src/gpio.c ****     // GMG12864 Data/Command - PB1
  13:Core/Src/gpio.c ****     MODIFY_REG(GPIOB->CRL, GPIO_CRL_MODE1_Msk, 0b11 << GPIO_CRL_MODE1_Pos);
  55              		.loc 1 13 5
  56 0028 084B     		ldr	r3, .L2+4
  57 002a 1B68     		ldr	r3, [r3]
  58 002c 074A     		ldr	r2, .L2+4
  59 002e 43F03003 		orr	r3, r3, #48
  60 0032 1360     		str	r3, [r2]
  14:Core/Src/gpio.c ****     MODIFY_REG(GPIOB->CRL, GPIO_CRL_CNF1_Msk, 0b00 << GPIO_CRL_CNF1_Pos);
  61              		.loc 1 14 5
  62 0034 054B     		ldr	r3, .L2+4
  63 0036 1B68     		ldr	r3, [r3]
  64 0038 044A     		ldr	r2, .L2+4
  65 003a 23F0C003 		bic	r3, r3, #192
  66 003e 1360     		str	r3, [r2]
  15:Core/Src/gpio.c **** 
  16:Core/Src/gpio.c **** }...
  67              		.loc 1 16 1
  68 0040 00BF     		nop
  69 0042 BD46     		mov	sp, r7
  70              		.cfi_def_cfa_register 13
  71              		@ sp needed
  72 0044 80BC     		pop	{r7}
  73              		.cfi_restore 7
  74              		.cfi_def_cfa_offset 0
  75 0046 7047     		bx	lr
  76              	.L3:
  77              		.align	2
  78              	.L2:
  79 0048 00100240 		.word	1073876992
  80 004c 000C0140 		.word	1073810432
  81              		.cfi_endproc
  82              	.LFE65:
  84              		.text
  85              	.Letext0:
  86              		.file 2 "c:\\dev_tools\\stm32_tools\\gnu-tools-for-stm32.12.3\\tools\\arm-none-eabi\\include\\mach
  87              		.file 3 "c:\\dev_tools\\stm32_tools\\gnu-tools-for-stm32.12.3\\tools\\arm-none-eabi\\include\\sys\
  88              		.file 4 "Drivers/CMSIS/stm32f103xb.h"
ARM GAS  C:\Users\SOLDER~1\AppData\Local\Temp\ccUA1LmO.s 			page 3


DEFINED SYMBOLS
                            *ABS*:00000000 gpio.c
C:\Users\SOLDER~1\AppData\Local\Temp\ccUA1LmO.s:18     .text.gpio_init:00000000 $t
C:\Users\SOLDER~1\AppData\Local\Temp\ccUA1LmO.s:24     .text.gpio_init:00000000 gpio_init
C:\Users\SOLDER~1\AppData\Local\Temp\ccUA1LmO.s:79     .text.gpio_init:00000048 $d
                           .group:00000000 wm4.0.57948b105342b2a9a91afe6dac72b4ef
                           .group:00000000 wm4.stm32f1xx.h.39.208bb8a61c892b7c37d899c49a031330
                           .group:00000000 wm4.stm32f103xb.h.38.ec967d5ad9d3269cb0788eebda048e38
                           .group:00000000 wm4._newlib_version.h.4.bfdf54b0af045d4a71376ae00f63a22c
                           .group:00000000 wm4.features.h.33.318b64d71e0957639cfb30f1db1f7ec8
                           .group:00000000 wm4._default_types.h.15.247e5cd201eca3442cbf5404108c4935
                           .group:00000000 wm4._intsup.h.10.48bafbb683905c4daa4565a85aeeb264
                           .group:00000000 wm4._stdint.h.10.c24fa3af3bc1706662bb5593a907e841
                           .group:00000000 wm4.stdint.h.23.d53047a68f4a85177f80b422d52785ed
                           .group:00000000 wm4.cmsis_version.h.32.4d5822004c01a829a975260e854b5f8e
                           .group:00000000 wm4.core_cm3.h.66.fc46cac19810db8f98d67da7ef88f42c
                           .group:00000000 wm4.cmsis_gcc.h.26.4f5798e999d5690b80e6ded3ecc94b37
                           .group:00000000 wm4.core_cm3.h.127.f4474120f1a7524deb56f9d74ff175da
                           .group:00000000 wm4.stm32f103xb.h.573.10249aa7473ca93be896fed94046a725
                           .group:00000000 wm4.stm32f1xx.h.162.96b09079a093c34dbd7f0b85cbd0ddee

NO UNDEFINED SYMBOLS
