ARM GAS  C:\Users\SOLDER~1\AppData\Local\Temp\ccqPKMLR.s 			page 1


   1              		.cpu cortex-m3
   2              		.arch armv7-m
   3              		.fpu softvfp
   4              		.eabi_attribute 20, 1
   5              		.eabi_attribute 21, 1
   6              		.eabi_attribute 23, 3
   7              		.eabi_attribute 24, 1
   8              		.eabi_attribute 25, 1
   9              		.eabi_attribute 26, 1
  10              		.eabi_attribute 30, 6
  11              		.eabi_attribute 34, 1
  12              		.eabi_attribute 18, 4
  13              		.file	"main.c"
  14              		.text
  15              	.Ltext0:
  16              		.cfi_sections	.debug_frame
  17              		.section	.text.main,"ax",%progbits
  18              		.align	1
  19              		.global	main
  20              		.syntax unified
  21              		.thumb
  22              		.thumb_func
  24              	main:
  25              	.LFB68:
  26              		.file 1 "Core/Src/main.c"
   1:Core/Src/main.c **** #include "main.h"
   2:Core/Src/main.c **** #include "stm32f103xx_CMSIS.h"
   3:Core/Src/main.c **** #include "GMG12864_lib.h"
   4:Core/Src/main.c **** 
   5:Core/Src/main.c **** /* –ù–∞—Å—Ç—Ä–æ–π–∫–∞ GPIO:
   6:Core/Src/main.c ****  * –ò—Å–ø–æ–ª—å–∑—É–µ—Ç—Å—è SPI1: CPOL - 0, CPHA - 0. –°–∫–æ—Ä–æ—Å—Ç—å  18 –ú–±–∏—Ç/—Å
   7:Core/Src/main.c ****  * - CS - PA6 (–ù–æ–≥–∞ –∏–∑–Ω–∞—á–∞–ª—å–Ω–∞ –ø—Ä–µ–¥–Ω–∞–∑–Ω–∞—á–µ–Ω–∞ –ø–æ–¥ MISO, –Ω–æ —Ç.–∫. –Ω
   8:Core/Src/main.c ****  *   —Ç–æ –º–æ–∂–Ω–æ –ø—Ä–æ—Å—Ç–æ —É–±—Ä–∞—Ç—å –∞–ª—å—Ç–µ—Ä–Ω–∞—Ç–∏–≤–Ω—É—é —Ñ—É–Ω–∫—Ü–∏—é –≤ —Ä–µ–
   9:Core/Src/main.c ****  * - RST(Reset) - PB0
  10:Core/Src/main.c ****  * - DC(Data/Command) - PB1
  11:Core/Src/main.c ****  * - SCK - PA5
  12:Core/Src/main.c ****  * - MOSI - PA7
  13:Core/Src/main.c ****  */
  14:Core/Src/main.c **** 
  15:Core/Src/main.c **** int main(void) {
  27              		.loc 1 15 16
  28              		.cfi_startproc
  29              		@ args = 0, pretend = 0, frame = 0
  30              		@ frame_needed = 1, uses_anonymous_args = 0
  31 0000 80B5     		push	{r7, lr}
  32              		.cfi_def_cfa_offset 8
  33              		.cfi_offset 7, -8
  34              		.cfi_offset 14, -4
  35 0002 00AF     		add	r7, sp, #0
  36              		.cfi_def_cfa_register 7
  16:Core/Src/main.c ****     CMSIS_Debug_init();
  37              		.loc 1 16 5
  38 0004 FFF7FEFF 		bl	CMSIS_Debug_init
  17:Core/Src/main.c ****     CMSIS_RCC_SystemClock_72MHz();
  39              		.loc 1 17 5
  40 0008 FFF7FEFF 		bl	CMSIS_RCC_SystemClock_72MHz
  18:Core/Src/main.c ****     CMSIS_SysTick_Timer_init();
ARM GAS  C:\Users\SOLDER~1\AppData\Local\Temp\ccqPKMLR.s 			page 2


  41              		.loc 1 18 5
  42 000c FFF7FEFF 		bl	CMSIS_SysTick_Timer_init
  19:Core/Src/main.c ****     gpio_init();
  43              		.loc 1 19 5
  44 0010 FFF7FEFF 		bl	gpio_init
  20:Core/Src/main.c ****     CMSIS_SPI1_init();
  45              		.loc 1 20 5
  46 0014 FFF7FEFF 		bl	CMSIS_SPI1_init
  21:Core/Src/main.c ****     GMG12864_Init();
  47              		.loc 1 21 5
  48 0018 FFF7FEFF 		bl	GMG12864_Init
  22:Core/Src/main.c ****     GMG12864_logo_demonstration();
  49              		.loc 1 22 5
  50 001c FFF7FEFF 		bl	GMG12864_logo_demonstration
  51              	.L2:
  23:Core/Src/main.c **** 
  24:Core/Src/main.c ****     while (1) {
  52              		.loc 1 24 11 discriminator 1
  53 0020 FEE7     		b	.L2
  54              		.cfi_endproc
  55              	.LFE68:
  57              		.text
  58              	.Letext0:
ARM GAS  C:\Users\SOLDER~1\AppData\Local\Temp\ccqPKMLR.s 			page 3


DEFINED SYMBOLS
                            *ABS*:00000000 main.c
C:\Users\SOLDER~1\AppData\Local\Temp\ccqPKMLR.s:18     .text.main:00000000 $t
C:\Users\SOLDER~1\AppData\Local\Temp\ccqPKMLR.s:24     .text.main:00000000 main
                           .group:00000000 wm4.0.57948b105342b2a9a91afe6dac72b4ef
                           .group:00000000 wm4.stm32f1xx.h.39.208bb8a61c892b7c37d899c49a031330
                           .group:00000000 wm4.stm32f103xb.h.38.ec967d5ad9d3269cb0788eebda048e38
                           .group:00000000 wm4._newlib_version.h.4.bfdf54b0af045d4a71376ae00f63a22c
                           .group:00000000 wm4.features.h.33.318b64d71e0957639cfb30f1db1f7ec8
                           .group:00000000 wm4._default_types.h.15.247e5cd201eca3442cbf5404108c4935
                           .group:00000000 wm4._intsup.h.10.48bafbb683905c4daa4565a85aeeb264
                           .group:00000000 wm4._stdint.h.10.c24fa3af3bc1706662bb5593a907e841
                           .group:00000000 wm4.stdint.h.23.d53047a68f4a85177f80b422d52785ed
                           .group:00000000 wm4.cmsis_version.h.32.4d5822004c01a829a975260e854b5f8e
                           .group:00000000 wm4.core_cm3.h.66.fc46cac19810db8f98d67da7ef88f42c
                           .group:00000000 wm4.cmsis_gcc.h.26.4f5798e999d5690b80e6ded3ecc94b37
                           .group:00000000 wm4.core_cm3.h.127.f4474120f1a7524deb56f9d74ff175da
                           .group:00000000 wm4.stm32f103xb.h.573.10249aa7473ca93be896fed94046a725
                           .group:00000000 wm4.stm32f1xx.h.162.96b09079a093c34dbd7f0b85cbd0ddee
                           .group:00000000 wm4.stdbool.h.29.07dce69c3b78884144b7f7bd19483461
                           .group:00000000 wm4.GMG12864_lib.h.20.1a5655b157f570ed9ae8be1770c0a21f
                           .group:00000000 wm4.newlib.h.8.4679f89e52c9f69cd44f3a27cd28c759
                           .group:00000000 wm4.ieeefp.h.77.25247dc27dbe3b23bfe98c2dc18f6ac5
                           .group:00000000 wm4.config.h.224.79362c3cdb280fe0b8d95bd0bc4d5c54
                           .group:00000000 wm4._ansi.h.31.de524f58584151836e90d8620a16f8e8
                           .group:00000000 wm4.stdio.h.31.7c0e28c411445f3f9c5b11accf882760
                           .group:00000000 wm4.stddef.h.181.c3f52a3b0f4c288bddb5dda1562858e2
                           .group:00000000 wm4.cdefs.h.49.39045112216f6a021dbdffe3bf5accce
                           .group:00000000 wm4.stddef.h.39.b727a6c3269d9d6ef9fc646b721a8287
                           .group:00000000 wm4.stdarg.h.34.3a23a216c0c293b3d2ea2e89281481e6
                           .group:00000000 wm4._types.h.20.dd0d04dca3800a0d2a6129b87f3adbb2
                           .group:00000000 wm4.stddef.h.155.3588ebfdd1e8c7ede80509bb9c3b8009
                           .group:00000000 wm4._types.h.127.34941de1b2539d59d5cac00e0dd27a45
                           .group:00000000 wm4.reent.h.17.e292bf8b0bec6c96e131a54347145a30
                           .group:00000000 wm4.lock.h.2.1461d1fff82dffe8bfddc23307f6484f
                           .group:00000000 wm4.reent.h.77.32fd7d280fc2a40b0797abce5beaf6e3
                           .group:00000000 wm4.assert.h.11.db24e541f16414db224bf986d21017e2
                           .group:00000000 wm4.reent.h.504.40d20ade344680fbcb6a0178bf7ae09e
                           .group:00000000 wm4.types.h.40.8b6acba56cefbb11746718204edc8f5e
                           .group:00000000 wm4._endian.h.31.65a10590763c3dde1ac4a7f66d7d4891
                           .group:00000000 wm4.endian.h.9.49f3a4695c1b61e8a0808de3c4a106cb
                           .group:00000000 wm4._timeval.h.32.bec3221fa7a9bb0bdde696c9c57e47d2
                           .group:00000000 wm4.timespec.h.41.d855182eb0e690443ab8651bcedca6e1
                           .group:00000000 wm4.select.h.19.40cd3f2bfc456b193b790c2754690ebf
                           .group:00000000 wm4.types.h.51.5571ec98f267d17d3c670b7a3ba33afa
                           .group:00000000 wm4.sched.h.22.c60982713a5c428609783c78f9c78d95
                           .group:00000000 wm4._pthreadtypes.h.36.fcee9961c35163dde6267ef772ad1972
                           .group:00000000 wm4.stdio.h.2.4aa87247282eca6c8f36f9de33d8df1a
                           .group:00000000 wm4.stdio.h.81.60a2ded7dae310b81f9d6907fe5e3dbf
                           .group:00000000 wm4.string.h.8.c4b8571ce60dff2817f43fec8b86aecd
                           .group:00000000 wm4.stddef.h.155.ba788add86a0e365f264484f110c3c29
                           .group:00000000 wm4.GMG12864_lib.h.39.8d9b3ef927f02877ae9e989f06e299af

UNDEFINED SYMBOLS
CMSIS_Debug_init
CMSIS_RCC_SystemClock_72MHz
CMSIS_SysTick_Timer_init
ARM GAS  C:\Users\SOLDER~1\AppData\Local\Temp\ccqPKMLR.s 			page 4


gpio_init
CMSIS_SPI1_init
GMG12864_Init
GMG12864_logo_demonstration
